mode: set
algorithm/heap/min-heap/min_heap.go:21.28,25.2 1 1
algorithm/heap/min-heap/min_heap.go:27.40,29.2 1 1
algorithm/heap/min-heap/min_heap.go:31.41,33.2 1 1
algorithm/heap/min-heap/min_heap.go:35.37,37.2 1 1
algorithm/heap/min-heap/min_heap.go:39.31,40.47 1 1
algorithm/heap/min-heap/min_heap.go:40.47,43.3 2 1
algorithm/heap/min-heap/min_heap.go:46.31,47.35 1 1
algorithm/heap/min-heap/min_heap.go:47.35,49.88 2 1
algorithm/heap/min-heap/min_heap.go:49.88,51.4 1 1
algorithm/heap/min-heap/min_heap.go:52.3,52.36 1 1
algorithm/heap/min-heap/min_heap.go:52.36,53.9 1 1
algorithm/heap/min-heap/min_heap.go:55.3,56.15 2 1
algorithm/heap/min-heap/min_heap.go:60.30,62.2 1 1
algorithm/heap/min-heap/min_heap.go:64.38,65.22 1 1
algorithm/heap/min-heap/min_heap.go:65.22,67.3 1 1
algorithm/heap/min-heap/min_heap.go:68.2,68.24 1 1
algorithm/heap/min-heap/min_heap.go:71.35,74.2 2 1
algorithm/heap/min-heap/min_heap.go:76.44,77.22 1 1
algorithm/heap/min-heap/min_heap.go:77.22,79.3 1 1
algorithm/heap/min-heap/min_heap.go:80.2,83.21 4 1
algorithm/heap/min-heap/min_heap.go:83.21,85.3 1 1
algorithm/heap/min-heap/min_heap.go:86.2,86.18 1 1
